<?xml version="1.0" encoding="UTF-8" ?>
<testsuite tests="100" failures="0" name="TestSuite" time="3,630.304" errors="0" skipped="0">
  <properties>
    <property name="java.runtime.name" value="OpenJDK Runtime Environment"/>
    <property name="java.vm.version" value="13+33"/>
    <property name="sun.boot.library.path" value="/Library/Java/JavaVirtualMachines/adoptopenjdk-13.jdk/Contents/Home/lib"/>
    <property name="maven.multiModuleProjectDirectory" value="/Users/ianflanagan/Workspace/JavaClass/JavaWebDemo/responsivewebdemo"/>
    <property name="java.vm.vendor" value="AdoptOpenJDK"/>
    <property name="java.vendor.url" value="https://adoptopenjdk.net/"/>
    <property name="guice.disable.misplaced.annotation.check" value="true"/>
    <property name="path.separator" value=":"/>
    <property name="java.vm.name" value="OpenJDK 64-Bit Server VM"/>
    <property name="user.country" value="US"/>
    <property name="sun.java.launcher" value="SUN_STANDARD"/>
    <property name="java.vm.specification.name" value="Java Virtual Machine Specification"/>
    <property name="user.dir" value="/Users/ianflanagan/Workspace/JavaClass/JavaWebDemo/responsivewebdemo"/>
    <property name="java.vm.compressedOopsMode" value="Zero based"/>
    <property name="java.runtime.version" value="13+33"/>
    <property name="os.arch" value="x86_64"/>
    <property name="java.io.tmpdir" value="/var/folders/x5/0lp7ltd10xl2t8pw_1681p0r0000gp/T/"/>
    <property name="line.separator" value="
"/>
    <property name="java.vm.specification.vendor" value="Oracle Corporation"/>
    <property name="os.name" value="Mac OS X"/>
    <property name="classworlds.conf" value="/usr/local/Cellar/maven/3.6.2/libexec/bin/m2.conf"/>
    <property name="sun.jnu.encoding" value="UTF-8"/>
    <property name="java.library.path" value="/Users/ianflanagan/Library/Java/Extensions:/Library/Java/Extensions:/Network/Library/Java/Extensions:/System/Library/Java/Extensions:/usr/lib/java:."/>
    <property name="maven.conf" value="/usr/local/Cellar/maven/3.6.2/libexec/conf"/>
    <property name="jdk.debug" value="release"/>
    <property name="java.class.version" value="57.0"/>
    <property name="java.specification.name" value="Java Platform API Specification"/>
    <property name="sun.management.compiler" value="HotSpot 64-Bit Tiered Compilers"/>
    <property name="os.version" value="10.14.6"/>
    <property name="library.jansi.path" value="/usr/local/Cellar/maven/3.6.2/libexec/lib/jansi-native"/>
    <property name="http.nonProxyHosts" value="local|*.local|169.254/16|*.169.254/16"/>
    <property name="user.home" value="/Users/ianflanagan"/>
    <property name="user.timezone" value="America/Chicago"/>
    <property name="file.encoding" value="UTF-8"/>
    <property name="java.specification.version" value="13"/>
    <property name="user.name" value="ianflanagan"/>
    <property name="java.class.path" value="/usr/local/Cellar/maven/3.6.2/libexec/boot/plexus-classworlds-2.6.0.jar"/>
    <property name="java.vm.specification.version" value="13"/>
    <property name="sun.arch.data.model" value="64"/>
    <property name="sun.java.command" value="org.codehaus.plexus.classworlds.launcher.Launcher test -DsuiteFile=parameterexample100VMS.xml"/>
    <property name="java.home" value="/Library/Java/JavaVirtualMachines/adoptopenjdk-13.jdk/Contents/Home"/>
    <property name="user.language" value="en"/>
    <property name="java.specification.vendor" value="Oracle Corporation"/>
    <property name="java.vm.info" value="mixed mode, sharing"/>
    <property name="java.version" value="13"/>
    <property name="java.vendor" value="AdoptOpenJDK"/>
    <property name="maven.home" value="/usr/local/Cellar/maven/3.6.2/libexec"/>
    <property name="file.separator" value="/"/>
    <property name="java.version.date" value="2019-09-17"/>
    <property name="java.vendor.url.bug" value="https://github.com/AdoptOpenJDK/openjdk-build/issues"/>
    <property name="sun.io.unicode.encoding" value="UnicodeBig"/>
    <property name="sun.cpu.endian" value="little"/>
    <property name="java.vendor.version" value="AdoptOpenJDK"/>
    <property name="suiteFile" value="parameterexample100VMS.xml"/>
    <property name="socksNonProxyHosts" value="local|*.local|169.254/16|*.169.254/16"/>
    <property name="ftp.nonProxyHosts" value="local|*.local|169.254/16|*.169.254/16"/>
  </properties>
  <testcase classname="com.DemoTest.Tests.WebDemoTest" name="LoginDesktopParameterExample" time="29.324"/>
  <testcase classname="com.DemoTest.Tests.WebDemoTest" name="LoginDesktopParameterExample" time="30.297"/>
  <testcase classname="com.DemoTest.Tests.WebDemoTest" name="LoginDesktopParameterExample" time="30.512"/>
  <testcase classname="com.DemoTest.Tests.WebDemoTest" name="LoginDesktopParameterExample" time="30.82"/>
  <testcase classname="com.DemoTest.Tests.WebDemoTest" name="LoginDesktopParameterExample" time="30.849"/>
  <testcase classname="com.DemoTest.Tests.WebDemoTest" name="LoginDesktopParameterExample" time="30.867"/>
  <testcase classname="com.DemoTest.Tests.WebDemoTest" name="LoginDesktopParameterExample" time="30.927"/>
  <testcase classname="com.DemoTest.Tests.WebDemoTest" name="LoginDesktopParameterExample" time="31.213"/>
  <testcase classname="com.DemoTest.Tests.WebDemoTest" name="LoginDesktopParameterExample" time="31.262"/>
  <testcase classname="com.DemoTest.Tests.WebDemoTest" name="LoginDesktopParameterExample" time="31.367"/>
  <testcase classname="com.DemoTest.Tests.WebDemoTest" name="LoginDesktopParameterExample" time="31.952"/>
  <testcase classname="com.DemoTest.Tests.WebDemoTest" name="LoginDesktopParameterExample" time="31.967"/>
  <testcase classname="com.DemoTest.Tests.WebDemoTest" name="LoginDesktopParameterExample" time="31.982"/>
  <testcase classname="com.DemoTest.Tests.WebDemoTest" name="LoginDesktopParameterExample" time="32.257"/>
  <testcase classname="com.DemoTest.Tests.WebDemoTest" name="LoginDesktopParameterExample" time="32.323"/>
  <testcase classname="com.DemoTest.Tests.WebDemoTest" name="LoginDesktopParameterExample" time="32.371"/>
  <testcase classname="com.DemoTest.Tests.WebDemoTest" name="LoginDesktopParameterExample" time="32.401"/>
  <testcase classname="com.DemoTest.Tests.WebDemoTest" name="LoginDesktopParameterExample" time="32.412"/>
  <testcase classname="com.DemoTest.Tests.WebDemoTest" name="LoginDesktopParameterExample" time="32.445"/>
  <testcase classname="com.DemoTest.Tests.WebDemoTest" name="LoginDesktopParameterExample" time="32.513"/>
  <testcase classname="com.DemoTest.Tests.WebDemoTest" name="LoginDesktopParameterExample" time="32.628"/>
  <testcase classname="com.DemoTest.Tests.WebDemoTest" name="LoginDesktopParameterExample" time="32.632"/>
  <testcase classname="com.DemoTest.Tests.WebDemoTest" name="LoginDesktopParameterExample" time="32.648"/>
  <testcase classname="com.DemoTest.Tests.WebDemoTest" name="LoginDesktopParameterExample" time="32.731"/>
  <testcase classname="com.DemoTest.Tests.WebDemoTest" name="LoginDesktopParameterExample" time="32.818"/>
  <testcase classname="com.DemoTest.Tests.WebDemoTest" name="LoginDesktopParameterExample" time="33.04"/>
  <testcase classname="com.DemoTest.Tests.WebDemoTest" name="LoginDesktopParameterExample" time="33.068"/>
  <testcase classname="com.DemoTest.Tests.WebDemoTest" name="LoginDesktopParameterExample" time="33.079"/>
  <testcase classname="com.DemoTest.Tests.WebDemoTest" name="LoginDesktopParameterExample" time="33.158"/>
  <testcase classname="com.DemoTest.Tests.WebDemoTest" name="LoginDesktopParameterExample" time="33.327"/>
  <testcase classname="com.DemoTest.Tests.WebDemoTest" name="LoginDesktopParameterExample" time="33.327"/>
  <testcase classname="com.DemoTest.Tests.WebDemoTest" name="LoginDesktopParameterExample" time="33.36"/>
  <testcase classname="com.DemoTest.Tests.WebDemoTest" name="LoginDesktopParameterExample" time="33.37"/>
  <testcase classname="com.DemoTest.Tests.WebDemoTest" name="LoginDesktopParameterExample" time="33.37"/>
  <testcase classname="com.DemoTest.Tests.WebDemoTest" name="LoginDesktopParameterExample" time="33.37"/>
  <testcase classname="com.DemoTest.Tests.WebDemoTest" name="LoginDesktopParameterExample" time="33.393"/>
  <testcase classname="com.DemoTest.Tests.WebDemoTest" name="LoginDesktopParameterExample" time="33.61"/>
  <testcase classname="com.DemoTest.Tests.WebDemoTest" name="LoginDesktopParameterExample" time="33.623"/>
  <testcase classname="com.DemoTest.Tests.WebDemoTest" name="LoginDesktopParameterExample" time="33.659"/>
  <testcase classname="com.DemoTest.Tests.WebDemoTest" name="LoginDesktopParameterExample" time="33.706"/>
  <testcase classname="com.DemoTest.Tests.WebDemoTest" name="LoginDesktopParameterExample" time="33.716"/>
  <testcase classname="com.DemoTest.Tests.WebDemoTest" name="LoginDesktopParameterExample" time="33.748"/>
  <testcase classname="com.DemoTest.Tests.WebDemoTest" name="LoginDesktopParameterExample" time="33.791"/>
  <testcase classname="com.DemoTest.Tests.WebDemoTest" name="LoginDesktopParameterExample" time="33.883"/>
  <testcase classname="com.DemoTest.Tests.WebDemoTest" name="LoginDesktopParameterExample" time="34.022"/>
  <testcase classname="com.DemoTest.Tests.WebDemoTest" name="LoginDesktopParameterExample" time="34.023"/>
  <testcase classname="com.DemoTest.Tests.WebDemoTest" name="LoginDesktopParameterExample" time="34.042"/>
  <testcase classname="com.DemoTest.Tests.WebDemoTest" name="LoginDesktopParameterExample" time="34.055"/>
  <testcase classname="com.DemoTest.Tests.WebDemoTest" name="LoginDesktopParameterExample" time="34.139"/>
  <testcase classname="com.DemoTest.Tests.WebDemoTest" name="LoginDesktopParameterExample" time="34.198"/>
  <testcase classname="com.DemoTest.Tests.WebDemoTest" name="LoginDesktopParameterExample" time="34.222"/>
  <testcase classname="com.DemoTest.Tests.WebDemoTest" name="LoginDesktopParameterExample" time="34.235"/>
  <testcase classname="com.DemoTest.Tests.WebDemoTest" name="LoginDesktopParameterExample" time="34.235"/>
  <testcase classname="com.DemoTest.Tests.WebDemoTest" name="LoginDesktopParameterExample" time="34.324"/>
  <testcase classname="com.DemoTest.Tests.WebDemoTest" name="LoginDesktopParameterExample" time="34.379"/>
  <testcase classname="com.DemoTest.Tests.WebDemoTest" name="LoginDesktopParameterExample" time="34.5"/>
  <testcase classname="com.DemoTest.Tests.WebDemoTest" name="LoginDesktopParameterExample" time="34.549"/>
  <testcase classname="com.DemoTest.Tests.WebDemoTest" name="LoginDesktopParameterExample" time="34.608"/>
  <testcase classname="com.DemoTest.Tests.WebDemoTest" name="LoginDesktopParameterExample" time="34.632"/>
  <testcase classname="com.DemoTest.Tests.WebDemoTest" name="LoginDesktopParameterExample" time="34.645"/>
  <testcase classname="com.DemoTest.Tests.WebDemoTest" name="LoginDesktopParameterExample" time="34.68"/>
  <testcase classname="com.DemoTest.Tests.WebDemoTest" name="LoginDesktopParameterExample" time="34.78"/>
  <testcase classname="com.DemoTest.Tests.WebDemoTest" name="LoginDesktopParameterExample" time="34.964"/>
  <testcase classname="com.DemoTest.Tests.WebDemoTest" name="LoginDesktopParameterExample" time="35.12"/>
  <testcase classname="com.DemoTest.Tests.WebDemoTest" name="LoginDesktopParameterExample" time="35.178"/>
  <testcase classname="com.DemoTest.Tests.WebDemoTest" name="LoginDesktopParameterExample" time="35.262"/>
  <testcase classname="com.DemoTest.Tests.WebDemoTest" name="LoginDesktopParameterExample" time="35.304"/>
  <testcase classname="com.DemoTest.Tests.WebDemoTest" name="LoginDesktopParameterExample" time="35.362"/>
  <testcase classname="com.DemoTest.Tests.WebDemoTest" name="LoginDesktopParameterExample" time="35.407"/>
  <testcase classname="com.DemoTest.Tests.WebDemoTest" name="LoginDesktopParameterExample" time="35.473"/>
  <testcase classname="com.DemoTest.Tests.WebDemoTest" name="LoginDesktopParameterExample" time="35.701"/>
  <testcase classname="com.DemoTest.Tests.WebDemoTest" name="LoginDesktopParameterExample" time="36.019"/>
  <testcase classname="com.DemoTest.Tests.WebDemoTest" name="LoginDesktopParameterExample" time="36.092"/>
  <testcase classname="com.DemoTest.Tests.WebDemoTest" name="LoginDesktopParameterExample" time="36.184"/>
  <testcase classname="com.DemoTest.Tests.WebDemoTest" name="LoginDesktopParameterExample" time="36.305"/>
  <testcase classname="com.DemoTest.Tests.WebDemoTest" name="LoginDesktopParameterExample" time="36.404"/>
  <testcase classname="com.DemoTest.Tests.WebDemoTest" name="LoginDesktopParameterExample" time="36.817"/>
  <testcase classname="com.DemoTest.Tests.WebDemoTest" name="LoginDesktopParameterExample" time="37.077"/>
  <testcase classname="com.DemoTest.Tests.WebDemoTest" name="LoginDesktopParameterExample" time="37.249"/>
  <testcase classname="com.DemoTest.Tests.WebDemoTest" name="LoginDesktopParameterExample" time="38.152"/>
  <testcase classname="com.DemoTest.Tests.WebDemoTest" name="LoginDesktopParameterExample" time="38.563"/>
  <testcase classname="com.DemoTest.Tests.WebDemoTest" name="LoginDesktopParameterExample" time="38.596"/>
  <testcase classname="com.DemoTest.Tests.WebDemoTest" name="LoginDesktopParameterExample" time="39.314"/>
  <testcase classname="com.DemoTest.Tests.WebDemoTest" name="LoginDesktopParameterExample" time="39.386"/>
  <testcase classname="com.DemoTest.Tests.WebDemoTest" name="LoginDesktopParameterExample" time="39.796"/>
  <testcase classname="com.DemoTest.Tests.WebDemoTest" name="LoginDesktopParameterExample" time="40.224"/>
  <testcase classname="com.DemoTest.Tests.WebDemoTest" name="LoginDesktopParameterExample" time="40.424"/>
  <testcase classname="com.DemoTest.Tests.WebDemoTest" name="LoginDesktopParameterExample" time="41.323"/>
  <testcase classname="com.DemoTest.Tests.WebDemoTest" name="LoginDesktopParameterExample" time="42.24"/>
  <testcase classname="com.DemoTest.Tests.WebDemoTest" name="LoginDesktopParameterExample" time="44.136"/>
  <testcase classname="com.DemoTest.Tests.WebDemoTest" name="LoginDesktopParameterExample" time="44.675"/>
  <testcase classname="com.DemoTest.Tests.WebDemoTest" name="LoginDesktopParameterExample" time="45.159"/>
  <testcase classname="com.DemoTest.Tests.WebDemoTest" name="LoginDesktopParameterExample" time="47.447"/>
  <testcase classname="com.DemoTest.Tests.WebDemoTest" name="LoginDesktopParameterExample" time="48.184"/>
  <testcase classname="com.DemoTest.Tests.WebDemoTest" name="LoginDesktopParameterExample" time="49.635"/>
  <testcase classname="com.DemoTest.Tests.WebDemoTest" name="LoginDesktopParameterExample" time="49.933"/>
  <testcase classname="com.DemoTest.Tests.WebDemoTest" name="LoginDesktopParameterExample" time="52.073"/>
  <testcase classname="com.DemoTest.Tests.WebDemoTest" name="LoginDesktopParameterExample" time="63.766"/>
  <testcase classname="com.DemoTest.Tests.WebDemoTest" name="LoginDesktopParameterExample" time="64.46"/>
  <testcase classname="com.DemoTest.Tests.WebDemoTest" name="LoginDesktopParameterExample" time="65.516"/>
</testsuite>