<?xml version="1.0" encoding="UTF-8"?>
<!-- Generated by org.testng.reporters.JUnitReportReporter -->
<testsuite hostname="SL-1246" failures="0" tests="9" name="com.DemoTest.Tests.WebDemoTest" time="356.456" errors="0" timestamp="2 Apr 2020 17:38:16 GMT">
  <testcase classname="com.DemoTest.Tests.WebDemoTest" name="LoginDesktopWeb" time="40.929"/>
  <testcase classname="com.DemoTest.Tests.WebDemoTest" name="LoginDesktopWeb" time="39.471"/>
  <testcase classname="com.DemoTest.Tests.WebDemoTest" name="LoginDesktopWeb" time="41.347"/>
  <testcase classname="com.DemoTest.Tests.WebDemoTest" name="LoginDesktopWeb" time="41.120"/>
  <testcase classname="com.DemoTest.Tests.WebDemoTest" name="LoginDesktopWeb" time="36.702"/>
  <testcase classname="com.DemoTest.Tests.WebDemoTest" name="LoginDesktopWeb" time="40.350"/>
  <testcase classname="com.DemoTest.Tests.WebDemoTest" name="LoginDesktopWeb" time="40.806"/>
  <testcase classname="com.DemoTest.Tests.WebDemoTest" name="LoginDesktopWeb" time="34.438"/>
  <testcase classname="com.DemoTest.Tests.WebDemoTest" name="LoginDesktopWeb" time="41.293"/>
</testsuite> <!-- com.DemoTest.Tests.WebDemoTest -->
